c:\users\admin\desktop\3d_all\3dtraining\trainingframework\debug\trainingframework.pch
c:\users\admin\desktop\3d_all\3dtraining\trainingframework\debug\vc142.pdb
c:\users\admin\desktop\3d_all\3dtraining\trainingframework\debug\vc142.idb
c:\users\admin\desktop\3d_all\3dtraining\trainingframework\debug\stdafx.obj
c:\users\admin\desktop\3d_all\3dtraining\trainingframework\debug\camera.obj
c:\users\admin\desktop\3d_all\3dtraining\trainingframework\debug\model.obj
c:\users\admin\desktop\3d_all\3dtraining\trainingframework\debug\object.obj
c:\users\admin\desktop\3d_all\3dtraining\trainingframework\debug\resourcemanager.obj
c:\users\admin\desktop\3d_all\3dtraining\trainingframework\debug\scenemanager.obj
c:\users\admin\desktop\3d_all\3dtraining\trainingframework\debug\singleton.obj
c:\users\admin\desktop\3d_all\3dtraining\trainingframework\debug\texture.obj
c:\users\admin\desktop\3d_all\3dtraining\trainingframework\debug\trainingframework.obj
c:\users\admin\desktop\3d_all\3dtraining\trainingframework\debug\shaders.obj
e:\training\3dtraining\trainingframework\debug\trainingframework.pch
e:\training\3dtraining\trainingframework\debug\vc142.pdb
e:\training\3dtraining\trainingframework\debug\vc142.idb
e:\training\3dtraining\trainingframework\debug\stdafx.obj
e:\training\3dtraining\trainingframework\debug\camera.obj
e:\training\3dtraining\trainingframework\debug\model.obj
e:\training\3dtraining\trainingframework\debug\object.obj
e:\training\3dtraining\trainingframework\debug\resourcemanager.obj
e:\training\3dtraining\trainingframework\debug\scenemanager.obj
e:\training\3dtraining\trainingframework\debug\singleton.obj
e:\training\3dtraining\trainingframework\debug\texture.obj
e:\training\3dtraining\trainingframework\debug\trainingframework.obj
e:\training\3dtraining\trainingframework\debug\shaders.obj
c:\users\admin\desktop\3d_all\3dtraining\bin\trainingframework.exe
c:\users\admin\desktop\3d_all\3dtraining\bin\trainingframework.ilk
c:\users\admin\desktop\3d_all\3dtraining\bin\trainingframework.pdb
e:\training\3dtraining\bin\trainingframework.exe
e:\training\3dtraining\bin\trainingframework.ilk
e:\training\3dtraining\bin\trainingframework.pdb
e:\training\3dtraining\\bin\trainingframework.pdb
e:\training\3dtraining\\bin\trainingframework.exe
e:\training\3dtraining\\bin\trainingframework.ilk
e:\training\3dtraining\trainingframework\debug\training.fc024ec8.tlog\cl.command.1.tlog
e:\training\3dtraining\trainingframework\debug\training.fc024ec8.tlog\cl.read.1.tlog
e:\training\3dtraining\trainingframework\debug\training.fc024ec8.tlog\cl.write.1.tlog
e:\training\3dtraining\trainingframework\debug\training.fc024ec8.tlog\link.command.1.tlog
e:\training\3dtraining\trainingframework\debug\training.fc024ec8.tlog\link.read.1.tlog
e:\training\3dtraining\trainingframework\debug\training.fc024ec8.tlog\link.write.1.tlog
