c:\users\admin\desktop\3d_all\3dtraining\utilities\debug\utilities.pch
c:\users\admin\desktop\3d_all\3dtraining\utilities\debug\utilities.pdb
c:\users\admin\desktop\3d_all\3dtraining\utilities\debug\utilities.idb
c:\users\admin\desktop\3d_all\3dtraining\utilities\debug\stdafx.obj
c:\users\admin\desktop\3d_all\3dtraining\utilities\debug\esshader.obj
c:\users\admin\desktop\3d_all\3dtraining\utilities\debug\esutil.obj
c:\users\admin\desktop\3d_all\3dtraining\utilities\debug\esutil_win.obj
c:\users\admin\desktop\3d_all\3dtraining\utilities\debug\math.obj
c:\users\admin\desktop\3d_all\3dtraining\utilities\debug\memorymanager.obj
c:\users\admin\desktop\3d_all\3dtraining\utilities\debug\memoryoperators.obj
c:\users\admin\desktop\3d_all\3dtraining\utilities\debug\tga.obj
e:\training\3dtraining\utilities\debug\utilities.pch
e:\training\3dtraining\utilities\debug\utilities.pdb
e:\training\3dtraining\utilities\debug\utilities.idb
e:\training\3dtraining\utilities\debug\stdafx.obj
e:\training\3dtraining\utilities\debug\esshader.obj
e:\training\3dtraining\utilities\debug\esutil.obj
e:\training\3dtraining\utilities\debug\esutil_win.obj
e:\training\3dtraining\utilities\debug\math.obj
e:\training\3dtraining\utilities\debug\memorymanager.obj
e:\training\3dtraining\utilities\debug\memoryoperators.obj
e:\training\3dtraining\utilities\debug\tga.obj
c:\users\admin\desktop\3d_all\3dtraining\debug\utilities.lib
e:\training\3dtraining\debug\utilities.lib
e:\training\3dtraining\utilities\debug\utilities.tlog\cl.command.1.tlog
e:\training\3dtraining\utilities\debug\utilities.tlog\cl.read.1.tlog
e:\training\3dtraining\utilities\debug\utilities.tlog\cl.write.1.tlog
e:\training\3dtraining\utilities\debug\utilities.tlog\lib-link.read.1.tlog
e:\training\3dtraining\utilities\debug\utilities.tlog\lib-link.write.1.tlog
e:\training\3dtraining\utilities\debug\utilities.tlog\lib.command.1.tlog
